This is pdfTeX, Version 3.141592653-2.6-1.40.29 (MiKTeX 26.2) (preloaded format=pdflatex 2026.5.13)  22 MAY 2026 18:18
entering extended mode
 restricted \write18 enabled.
 file:line:error style messages enabled.
 %&-line parsing enabled.
**/home/lorenzo/Documents/GitHub/StatML/Paper/samplepaper.tex
(/home/lorenzo/Documents/GitHub/StatML/Paper/samplepaper.tex
LaTeX2e <2025-11-01>
L3 programming layer <2026-03-20>
(llncs.cls
Document Class: llncs 2024/01/29 v2.24 
 LaTeX document class for Lecture Notes in Computer Science
(/home/lorenzo/.miktex/texmfs/install/tex/latex/base/article.cls
Document Class: article 2025/01/22 v1.4n Standard LaTeX document class
(/home/lorenzo/.miktex/texmfs/install/tex/latex/base/size10.clo
File: size10.clo 2025/01/22 v1.4n Standard LaTeX file (size option)
)
\c@part=\count275
\c@section=\count276
\c@subsection=\count277
\c@subsubsection=\count278
\c@paragraph=\count279
\c@subparagraph=\count280
\c@figure=\count281
\c@table=\count282
\abovecaptionskip=\skip49
\belowcaptionskip=\skip50
\bibindent=\dimen150
) (/home/lorenzo/.miktex/texmfs/install/tex/latex/tools/multicol.sty
Package: multicol 2025/10/21 v2.0b multicolumn formatting (FMi)
\c@tracingmulticols=\count283
\mult@box=\box53
\multicol@leftmargin=\dimen151
\c@unbalance=\count284
\c@collectmore=\count285
\doublecol@number=\count286
\multicoltolerance=\count287
\multicolpretolerance=\count288
\full@width=\dimen152
\page@free=\dimen153
\premulticols=\dimen154
\postmulticols=\dimen155
\multicolsep=\skip51
\multicolbaselineskip=\skip52
\partial@page=\box54
\last@line=\box55
\mc@boxedresult=\box56
\maxbalancingoverflow=\dimen156
\mult@rightbox=\box57
\mult@grightbox=\box58
\mult@firstbox=\box59
\mult@gfirstbox=\box60
\@tempa=\box61
\@tempa=\box62
\@tempa=\box63
\@tempa=\box64
\@tempa=\box65
\@tempa=\box66
\@tempa=\box67
\@tempa=\box68
\@tempa=\box69
\@tempa=\box70
\@tempa=\box71
\@tempa=\box72
\@tempa=\box73
\@tempa=\box74
\@tempa=\box75
\@tempa=\box76
\@tempa=\box77
\@tempa=\box78
\@tempa=\box79
\@tempa=\box80
\@tempa=\box81
\@tempa=\box82
\@tempa=\box83
\@tempa=\box84
\@tempa=\box85
\@tempa=\box86
\@tempa=\box87
\@tempa=\box88
\@tempa=\box89
\@tempa=\box90
\@tempa=\box91
\@tempa=\box92
\@tempa=\box93
\@tempa=\box94
\@tempa=\box95
\@tempa=\box96
\c@minrows=\count289
\c@columnbadness=\count290
\c@finalcolumnbadness=\count291
\last@try=\dimen157
\multicolovershoot=\dimen158
\multicolundershoot=\dimen159
\mult@nat@firstbox=\box97
\colbreak@box=\box98
\mc@col@check@num=\count292
\g__mc_curr_col_int=\count293
) (/home/lorenzo/.miktex/texmfs/install/tex/latex/aliascnt/aliascnt.sty
Package: aliascnt 2026-03-08 v1.7 Alias counters (HO)
)
\c@chapter=\count294
LaTeX Font Info:    Redeclaring math symbol \Gamma on input line 379.
LaTeX Font Info:    Redeclaring math symbol \Delta on input line 380.
LaTeX Font Info:    Redeclaring math symbol \Theta on input line 381.
LaTeX Font Info:    Redeclaring math symbol \Lambda on input line 382.
LaTeX Font Info:    Redeclaring math symbol \Xi on input line 383.
LaTeX Font Info:    Redeclaring math symbol \Pi on input line 384.
LaTeX Font Info:    Redeclaring math symbol \Sigma on input line 385.
LaTeX Font Info:    Redeclaring math symbol \Upsilon on input line 386.
LaTeX Font Info:    Redeclaring math symbol \Phi on input line 387.
LaTeX Font Info:    Redeclaring math symbol \Psi on input line 388.
LaTeX Font Info:    Redeclaring math symbol \Omega on input line 389.
LaTeX Info: Redefining \vec on input line 394.
\tocchpnum=\dimen160
\tocsecnum=\dimen161
\tocsectotal=\dimen162
\tocsubsecnum=\dimen163
\tocsubsectotal=\dimen164
\tocsubsubsecnum=\dimen165
\tocsubsubsectotal=\dimen166
\tocparanum=\dimen167
\tocparatotal=\dimen168
\tocsubparanum=\dimen169
\@tempcntc=\count295
\fnindent=\dimen170
\c@@inst=\count296
\c@@auth=\count297
\c@auco=\count298
\instindent=\dimen171
\authrun=\box99
\authorrunning=\toks17
\tocauthor=\toks18
\titrun=\box100
\titlerunning=\toks19
\toctitle=\toks20
\c@theorem=\count299
\c@case=\count300
\c@conjecture=\count301
\c@corollary=\count302
\c@definition=\count303
\c@example=\count304
\c@exercise=\count305
\c@lemma=\count306
\c@note=\count307
\c@problem=\count308
\c@property=\count309
\c@proposition=\count310
\c@question=\count311
\c@solution=\count312
\c@remark=\count313
\headlineindent=\dimen172
) (/home/lorenzo/.miktex/texmfs/install/tex/latex/base/fontenc.sty
Package: fontenc 2025/07/18 v2.1d Standard LaTeX package
) (/home/lorenzo/.miktex/texmfs/install/tex/latex/microtype/microtype.sty
Package: microtype 2026/03/01 v3.2d Micro-typographical refinements (RS)
 (/home/lorenzo/.miktex/texmfs/install/tex/latex/graphics/keyval.sty
Package: keyval 2022/05/29 v1.15 key=value parser (DPC)
\KV@toks@=\toks21
) (/home/lorenzo/.miktex/texmfs/install/tex/latex/etoolbox/etoolbox.sty
Package: etoolbox 2025/10/02 v2.5m e-TeX tools for LaTeX (JAW)
\etb@tempcnta=\count314
)
\MT@toks=\toks22
\MT@tempbox=\box101
\MT@count=\count315
LaTeX Info: Redefining \noprotrusionifhmode on input line 1084.
LaTeX Info: Redefining \leftprotrusion on input line 1085.
\MT@prot@toks=\toks23
LaTeX Info: Redefining \rightprotrusion on input line 1104.
LaTeX Info: Redefining \textls on input line 1449.
\MT@outer@kern=\dimen173
LaTeX Info: Redefining \microtypecontext on input line 2053.
LaTeX Info: Redefining \textmicrotypecontext on input line 2070.
\MT@listname@count=\count316
 (/home/lorenzo/.miktex/texmfs/install/tex/latex/microtype/microtype-pdftex.def
File: microtype-pdftex.def 2026/03/01 v3.2d Definitions specific to pdftex (RS)
LaTeX Info: Redefining \lsstyle on input line 944.
LaTeX Info: Redefining \lslig on input line 944.
\MT@outer@space=\skip53
)
Package microtype Info: Loading configuration file microtype.cfg.
 (/home/lorenzo/.miktex/texmfs/install/tex/latex/microtype/microtype.cfg
File: microtype.cfg 2026/03/01 v3.2d microtype main configuration file (RS)
)
LaTeX Info: Redefining \microtypesetup on input line 3065.
) (/home/lorenzo/.miktex/texmfs/install/tex/latex/graphics/graphicx.sty
Package: graphicx 2024/12/31 v1.2e Enhanced LaTeX Graphics (DPC,SPQR)
 (/home/lorenzo/.miktex/texmfs/install/tex/latex/graphics/graphics.sty
Package: graphics 2024/08/06 v1.4g Standard LaTeX Graphics (DPC,SPQR)
 (/home/lorenzo/.miktex/texmfs/install/tex/latex/graphics/trig.sty
Package: trig 2023/12/02 v1.11 sin cos tan (DPC)
) (/home/lorenzo/.miktex/texmfs/install/tex/latex/graphics-cfg/graphics.cfg
File: graphics.cfg 2016/06/04 v1.11 sample graphics configuration
)
Package graphics Info: Driver file: pdftex.def on input line 106.
 (/home/lorenzo/.miktex/texmfs/install/tex/latex/graphics-def/pdftex.def
File: pdftex.def 2025/09/29 v1.2d Graphics/color driver for pdftex
))
\Gin@req@height=\dimen174
\Gin@req@width=\dimen175
) (/home/lorenzo/.miktex/texmfs/install/tex/latex/l3backend/l3backend-pdftex.def
File: l3backend-pdftex.def 2026-02-18 L3 backend support: PDF output (pdfTeX)
\l__color_backend_stack_int=\count317
) (samplepaper.aux)
\openout1 = `samplepaper.aux'.

LaTeX Font Info:    Checking defaults for OML/cmm/m/it on input line 24.
LaTeX Font Info:    ... okay on input line 24.
LaTeX Font Info:    Checking defaults for OMS/cmsy/m/n on input line 24.
LaTeX Font Info:    ... okay on input line 24.
LaTeX Font Info:    Checking defaults for OT1/cmr/m/n on input line 24.
LaTeX Font Info:    ... okay on input line 24.
LaTeX Font Info:    Checking defaults for T1/cmr/m/n on input line 24.
LaTeX Font Info:    ... okay on input line 24.
LaTeX Font Info:    Checking defaults for TS1/cmr/m/n on input line 24.
LaTeX Font Info:    ... okay on input line 24.
LaTeX Font Info:    Checking defaults for OMX/cmex/m/n on input line 24.
LaTeX Font Info:    ... okay on input line 24.
LaTeX Font Info:    Checking defaults for U/cmr/m/n on input line 24.
LaTeX Font Info:    ... okay on input line 24.
LaTeX Info: Redefining \microtypecontext on input line 24.
Package microtype Info: Applying patch `item' on input line 24.
Package microtype Info: Applying patch `toc' on input line 24.
Package microtype Info: Applying patch `eqnum' on input line 24.
Package microtype Info: Applying patch `footnote' on input line 24.
Package microtype Info: Applying patch `verbatim' on input line 24.
LaTeX Info: Redefining \microtypesetup on input line 24.
Package microtype Info: Generating PDF output.
Package microtype Info: Character protrusion enabled (level 2).
Package microtype Info: Using default protrusion set `alltext'.
Package microtype Info: No font expansion.
Package microtype Info: No adjustment of tracking.
Package microtype Info: No adjustment of interword spacing.
Package microtype Info: No adjustment of character kerning.
 (/home/lorenzo/.miktex/texmfs/install/tex/latex/microtype/mt-cmr.cfg
File: mt-cmr.cfg 2013/05/19 v2.2 microtype config. file: Computer Modern Roman (RS)
) (/home/lorenzo/.miktex/texmfs/install/tex/context/base/mkii/supp-pdf.mkii
[Loading MPS to PDF converter (version 2006.09.02).]
\scratchcounter=\count318
\scratchdimen=\dimen176
\scratchbox=\box102
\nofMPsegments=\count319
\nofMParguments=\count320
\everyMPshowfont=\toks24
\MPscratchCnt=\count321
\MPscratchDim=\dimen177
\MPnumerator=\count322
\makeMPintoPDFobject=\count323
\everyMPtoPDFconversion=\toks25
) (/home/lorenzo/.miktex/texmfs/install/tex/latex/epstopdf-pkg/epstopdf-base.sty
Package: epstopdf-base 2020-01-24 v2.11 Base part for package epstopdf
Package epstopdf-base Info: Redefining graphics rule for `.eps' on input line 485.
 (/home/lorenzo/.miktex/texmfs/install/tex/latex/00miktex/epstopdf-sys.cfg
File: epstopdf-sys.cfg 2021/03/18 v2.0 Configuration of epstopdf for MiKTeX
))
LaTeX Font Info:    External font `cmex10' loaded for size
(Font)              <7> on input line 41.
LaTeX Font Info:    External font `cmex10' loaded for size
(Font)              <5> on input line 41.
Package microtype Info: Loading generic protrusion settings for font family
(microtype)             `cmtt' (encoding: T1).
(microtype)             For optimal results, create family-specific settings.
(microtype)             See the microtype manual for details.

Overfull \hbox (27.04198pt too wide) in paragraph at lines 44--51
[]\T1/cmr/m/n/9 This project aims to build and compare three different convolutional
 []


Overfull \hbox (9.35289pt too wide) in paragraph at lines 44--51
\T1/cmr/m/n/9 neural networks (CNNs) for classifying images of hand gestures representing
 []


Overfull \hbox (3.14894pt too wide) in paragraph at lines 44--51
\T1/cmr/m/n/9 complexity and were trained on the same starndardized dataset containing
 []


Overfull \hbox (1.07205pt too wide) in paragraph at lines 44--51
\T1/cmr/m/n/9 validation accuracy than training accuracy, which suggests that the model
 []


Overfull \hbox (0.3712pt too wide) in paragraph at lines 44--51
\T1/cmr/m/n/9 the performance on the custom datasets was significantly lower, especially
 []


Overfull \hbox (23.54803pt too wide) in paragraph at lines 44--51
\T1/cmr/m/n/9 on the second custom dataset which contains images with different backgrounds
 []


Overfull \hbox (1.41432pt too wide) in paragraph at lines 44--51
\T1/cmr/m/n/9 where the model's performance is similar to a random classifier. Analyzing
 []


Overfull \hbox (7.86794pt too wide) in paragraph at lines 44--51
\T1/cmr/m/n/9 images with simple backgrounds and good lighting conditions, but struggles
 []


Overfull \hbox (13.33838pt too wide) in paragraph at lines 44--51
\T1/cmr/m/n/9 with images that have more complex backgrounds or poor lighting conditions.
 []


Overfull \hbox (3.02544pt too wide) in paragraph at lines 44--51
\T1/cmr/m/n/9 Another critical aspect is the position of the fingers, error analisys revealed
 []


Overfull \hbox (0.10002pt too wide) in paragraph at lines 44--51
\T1/cmr/m/n/9 that most of the misclassifications contain finger positions that are similar
 []

[1

{/home/lorenzo/.miktex/texmfs/data/fonts/map/pdftex/pdftex.map}]
Overfull \hbox (0.15532pt too wide) in paragraph at lines 66--67
[]\T1/cmr/m/n/10 All datasets contain the same three classes: rock, paper, and scissors. However,
 []

<./images/rock.png, id=12, 301.125pt x 200.75pt>
File: ./images/rock.png Graphic file (type png)
<use ./images/rock.png>
Package pdftex.def Info: ./images/rock.png  used on input line 71.
(pdftex.def)             Requested size: 104.1381pt x 69.42422pt.
<./images/paper.png, id=13, 301.125pt x 200.75pt>
File: ./images/paper.png Graphic file (type png)
<use ./images/paper.png>
Package pdftex.def Info: ./images/paper.png  used on input line 72.
(pdftex.def)             Requested size: 104.1381pt x 69.42422pt.
<./images/scissors.png, id=14, 301.125pt x 200.75pt>
File: ./images/scissors.png Graphic file (type png)
<use ./images/scissors.png>
Package pdftex.def Info: ./images/scissors.png  used on input line 73.
(pdftex.def)             Requested size: 104.1381pt x 69.42422pt.
<./images/rps-greyscale.png, id=15, 573.8238pt x 193.6836pt>
File: ./images/rps-greyscale.png Graphic file (type png)
<use ./images/rps-greyscale.png>
Package pdftex.def Info: ./images/rps-greyscale.png  used on input line 84.
(pdftex.def)             Requested size: 312.40906pt x 105.44759pt.

Overfull \hbox (0.84705pt too wide) in paragraph at lines 87--89
\T1/cmr/m/n/10 them to the range [0, 1]. This normalization step helps to improve the convergence
 []

[2 <./images/rock.png (PNG copy)> <./images/paper.png (PNG copy)> <./images/scissors.png (PNG copy)>]
Overfull \hbox (17.67154pt too wide) in paragraph at lines 99--100
[]\T1/cmr/m/n/10 Random translation: Images were randomly translated horizontally and vertically
 []

[3 <./images/rps-greyscale.png>]
<./images/Model_1_arch.png, id=25, 1110.39844pt x 181.42781pt>
File: ./images/Model_1_arch.png Graphic file (type png)
<use ./images/Model_1_arch.png>
Package pdftex.def Info: ./images/Model_1_arch.png  used on input line 113.
(pdftex.def)             Requested size: 312.40906pt x 51.04305pt.
<./images/Model_2_arch.png, id=26, 1206.00563pt x 225.09094pt>
File: ./images/Model_2_arch.png Graphic file (type png)
<use ./images/Model_2_arch.png>
Package pdftex.def Info: ./images/Model_2_arch.png  used on input line 118.
(pdftex.def)             Requested size: 312.40906pt x 58.30588pt.
<./images/Model_3_arch.png, id=27, 957.5775pt x 328.97906pt>
File: ./images/Model_3_arch.png Graphic file (type png)
<use ./images/Model_3_arch.png>
Package pdftex.def Info: ./images/Model_3_arch.png  used on input line 125.
(pdftex.def)             Requested size: 277.69987pt x 95.40147pt.
 [4 <./images/Model_1_arch.png> <./images/Model_2_arch.png> <./images/Model_3_arch.png>]
Overfull \hbox (16.89868pt too wide) in paragraph at lines 131--132
\T1/cmr/m/n/10 images. Increasing the number of filters increases the complexity and representational
 []


Overfull \hbox (7.19772pt too wide) in paragraph at lines 133--134
\T1/cmr/m/n/10 reducing their spatial dimensions. This process helps the network learn increasingly
 []


Overfull \hbox (2.62805pt too wide) in paragraph at lines 135--136
[]\T1/cmr/m/n/10 The fully connected layers perform the final classification based on the features
 []


Overfull \hbox (17.50854pt too wide) in paragraph at lines 135--136
\T1/cmr/m/n/10 ReLU activation function, which enables the network to learn non-linear relationships
 []


Overfull \hbox (6.95555pt too wide) in paragraph at lines 135--136
\T1/cmr/m/n/10 between features. The final fully connected layer uses a softmax activation function,
 []


Overfull \hbox (21.86969pt too wide) in paragraph at lines 150--151
\T1/cmr/m/n/10 learning rate optimization algorithm that combines the advantages of both momentum
 []

[5] [6]
Overfull \hbox (1.20587pt too wide) in paragraph at lines 183--184
\T1/cmr/m/n/10 the AUC was computed using a one vs rest approach, where the AUC is calculated
 []


Overfull \hbox (3.4653pt too wide) in paragraph at lines 189--190
\T1/cmr/m/n/10 accuracy of 91.3%. This suggests that the model may be overfitting, this statement
 []

<./images/m1_acc_curve.png, id=48, 409.7709pt x 327.3831pt>
File: ./images/m1_acc_curve.png Graphic file (type png)
<use ./images/m1_acc_curve.png>
Package pdftex.def Info: ./images/m1_acc_curve.png  used on input line 193.
(pdftex.def)             Requested size: 156.20453pt x 124.79651pt.
<./images/m1_loss_curve.png, id=49, 409.7709pt x 327.3831pt>
File: ./images/m1_loss_curve.png Graphic file (type png)
<use ./images/m1_loss_curve.png>
Package pdftex.def Info: ./images/m1_loss_curve.png  used on input line 194.
(pdftex.def)             Requested size: 156.20453pt x 124.79651pt.
<./images/m2_acc_curve.png, id=50, 409.7709pt x 316.5426pt>
File: ./images/m2_acc_curve.png Graphic file (type png)
<use ./images/m2_acc_curve.png>
Package pdftex.def Info: ./images/m2_acc_curve.png  used on input line 201.
(pdftex.def)             Requested size: 156.20453pt x 120.66417pt.
<./images/m2_loss_curve.png, id=51, 400.3758pt x 312.2064pt>
File: ./images/m2_loss_curve.png Graphic file (type png)
<use ./images/m2_loss_curve.png>
Package pdftex.def Info: ./images/m2_loss_curve.png  used on input line 202.
(pdftex.def)             Requested size: 156.20453pt x 121.80765pt.

Overfull \hbox (3.19084pt too wide) in paragraph at lines 198--205
 \T1/cmr/m/it/10 Model 2:[] \T1/cmr/m/n/10 The second model achieved a training accuracy of 93.2% and a validation
 []

[7 <./images/m1_acc_curve.png> <./images/m1_loss_curve.png>]
<./images/m3_acc_curve.png, id=59, 409.7709pt x 312.2064pt>
File: ./images/m3_acc_curve.png Graphic file (type png)
<use ./images/m3_acc_curve.png>
Package pdftex.def Info: ./images/m3_acc_curve.png  used on input line 209.
(pdftex.def)             Requested size: 156.20453pt x 119.01125pt.
<./images/m3_loss_curve.png, id=60, 416.2752pt x 312.2064pt>
File: ./images/m3_loss_curve.png Graphic file (type png)
<use ./images/m3_loss_curve.png>
Package pdftex.def Info: ./images/m3_loss_curve.png  used on input line 210.
(pdftex.def)             Requested size: 156.20453pt x 117.15334pt.

Overfull \hbox (17.59296pt too wide) in paragraph at lines 206--214
\T1/cmr/m/n/10 accuracy of 98.4%. Having the highest number of parameters also means encountering
 []


Overfull \hbox (3.23979pt too wide) in paragraph at lines 206--214
\T1/cmr/m/n/10 training curves, suggesting that the model shows better generalization capabilities. 
 []

[8 <./images/m2_acc_curve.png> <./images/m2_loss_curve.png> <./images/m3_acc_curve.png> <./images/m3_loss_curve.png>]
LaTeX Font Info:    External font `cmex10' loaded for size
(Font)              <9> on input line 219.
LaTeX Font Info:    External font `cmex10' loaded for size
(Font)              <6> on input line 219.

Overfull \hbox (14.20917pt too wide) in paragraph at lines 219--228
 [][] 
 []

<./images/m1_confusion.png, id=68, 370.7451pt x 339.669pt>
File: ./images/m1_confusion.png Graphic file (type png)
<use ./images/m1_confusion.png>
Package pdftex.def Info: ./images/m1_confusion.png  used on input line 237.
(pdftex.def)             Requested size: 156.20453pt x 143.11092pt.
<./images/m1_auc.png, id=69, 450.9648pt x 395.3169pt>
File: ./images/m1_auc.png Graphic file (type png)
<use ./images/m1_auc.png>
Package pdftex.def Info: ./images/m1_auc.png  used on input line 238.
(pdftex.def)             Requested size: 156.20453pt x 136.92735pt.
[9 <./images/m1_confusion.png> <./images/m1_auc.png>] [10] (samplepaper.aux)
 ***********
LaTeX2e <2025-11-01>
L3 programming layer <2026-03-20>
 ***********
 ) 
Here is how much of TeX's memory you used:
 4431 strings out of 469628
 72827 string characters out of 5466837
 520018 words of memory out of 5000000
 33250 multiletter control sequences out of 15000+600000
 637041 words of font info for 57 fonts, out of 8000000 for 9000
 0 hyphenation exceptions out of 8191
 57i,8n,65p,1148b,256s stack positions out of 10000i,1000n,20000p,200000b,200000s
 </home/lorenzo/.miktex/texmfs/data/fonts/pk/ljfour/jknappen/ec/dpi600/ecti1000.pk> </home/lorenzo/.miktex/texmfs/data/fonts/pk/ljfour/jknappen/ec/dpi600/ecbx1000.pk> </home/lorenzo/.miktex/texmfs/data/fonts/pk/ljfour/jknappen/ec/dpi600/tcrm1000.pk> </home/lorenzo/.miktex/texmfs/data/fonts/pk/ljfour/jknappen/ec/dpi600/ecbx1200.pk> </home/lorenzo/.miktex/texmfs/data/fonts/pk/ljfour/jknappen/ec/dpi600/ecbx0900.pk> </home/lorenzo/.miktex/texmfs/data/fonts/pk/ljfour/jknappen/ec/dpi600/ecrm0900.pk> </home/lorenzo/.miktex/texmfs/data/fonts/pk/ljfour/jknappen/ec/dpi600/ectt0900.pk> </home/lorenzo/.miktex/texmfs/data/fonts/pk/ljfour/jknappen/ec/dpi600/ecrm1000.pk> </home/lorenzo/.miktex/texmfs/data/fonts/pk/ljfour/jknappen/ec/dpi600/ecbx1440.pk></home/lorenzo/.miktex/texmfs/install/fonts/type1/public/amsfonts/cm/cmex10.pfb></home/lorenzo/.miktex/texmfs/install/fonts/type1/public/amsfonts/cm/cmmi10.pfb></home/lorenzo/.miktex/texmfs/install/fonts/type1/public/amsfonts/cm/cmmi5.pfb></home/lorenzo/.miktex/texmfs/install/fonts/type1/public/amsfonts/cm/cmmi7.pfb></home/lorenzo/.miktex/texmfs/install/fonts/type1/public/amsfonts/cm/cmr10.pfb></home/lorenzo/.miktex/texmfs/install/fonts/type1/public/amsfonts/cm/cmr7.pfb></home/lorenzo/.miktex/texmfs/install/fonts/type1/public/amsfonts/cm/cmsy10.pfb></home/lorenzo/.miktex/texmfs/install/fonts/type1/public/amsfonts/cm/cmsy7.pfb>
Output written on samplepaper.pdf (10 pages, 788413 bytes).
PDF statistics:
 410 PDF objects out of 1000 (max. 8388607)
 0 named destinations out of 1000 (max. 500000)
 8268 words of extra memory for PDF output out of 10000 (max. 10000000)

